<?xml version="1.0" encoding="UTF-8"?>
<!-- Generated by org.testng.reporters.JUnitReportReporter -->
<testsuite skipped="1" hostname="01RAIS01" name="TestNG.LogIn_LogOut" tests="3" failures="0" timestamp="18 Jul 2018 17:03:14 GMT" time="10.251" errors="0">
  <testcase name="LogIn" time="4.441" classname="TestNG.LogIn_LogOut"/>
  <testcase name="OpenBrowser" time="5.810" classname="TestNG.LogIn_LogOut"/>
  <testcase name="LogOut" classname="TestNG.LogIn_LogOut">
    <skipped/>
  </testcase> <!-- LogOut -->
</testsuite> <!-- TestNG.LogIn_LogOut -->
