<?xml version="1.0" encoding="UTF-8"?>
<!-- Generated by org.testng.reporters.JUnitReportReporter -->
<testsuite skipped="0" hostname="01RAIS01" name="firsttestngpackage.SmokeTest" tests="2" failures="0" timestamp="18 Jul 2018 17:20:43 GMT" time="5.359" errors="0">
  <testcase name="testCase2" time="0.334" classname="firsttestngpackage.SmokeTest"/>
  <testcase name="testCase1" time="5.025" classname="firsttestngpackage.SmokeTest"/>
</testsuite> <!-- firsttestngpackage.SmokeTest -->
