<?xml version="1.0" encoding="UTF-8"?>
<!-- Generated by org.testng.reporters.JUnitReportReporter -->
<testsuite skipped="0" hostname="01RAIS01" name="firsttestngpackage.GoogleTest" tests="1" failures="0" timestamp="11 Jul 2018 20:29:06 GMT" time="5.969" errors="0">
  <testcase name="CSCLogInTest" time="5.969" classname="firsttestngpackage.GoogleTest"/>
</testsuite> <!-- firsttestngpackage.GoogleTest -->
