<?xml version="1.0" encoding="UTF-8"?>
<!-- Generated by org.testng.reporters.JUnitReportReporter -->
<testsuite skipped="0" hostname="01RAIS01" name="firsttestngpackage.TestNGDemo" tests="4" failures="0" timestamp="18 Jul 2018 17:20:43 GMT" time="0.009" errors="0">
  <testcase name="arrayTitleTest" time="0.001" classname="firsttestngpackage.TestNGDemo"/>
  <testcase name="subTitleTest" time="0.002" classname="firsttestngpackage.TestNGDemo"/>
  <testcase name="stringTitleTest" time="0.001" classname="firsttestngpackage.TestNGDemo"/>
  <testcase name="addTitleTest" time="0.005" classname="firsttestngpackage.TestNGDemo"/>
</testsuite> <!-- firsttestngpackage.TestNGDemo -->
