<?xml version="1.0" encoding="UTF-8"?>
<!-- Generated by org.testng.reporters.JUnitReportReporter -->
<testsuite skipped="0" hostname="01RAIS01" name="firsttestngpackage.TestNGBasic" tests="4" failures="0" timestamp="13 Jul 2018 21:23:52 GMT" time="0.014" errors="0">
  <testcase name="addTitleTest" time="0.009" classname="firsttestngpackage.TestNGBasic"/>
  <testcase name="subTitleTest" time="0.002" classname="firsttestngpackage.TestNGBasic"/>
  <testcase name="arrayTitleTest" time="0.002" classname="firsttestngpackage.TestNGBasic"/>
  <testcase name="stringTitleTest" time="0.001" classname="firsttestngpackage.TestNGBasic"/>
</testsuite> <!-- firsttestngpackage.TestNGBasic -->
